XX-0000000000-XX is incorrect.
XX000000XXX0000XXXXX is incorrect.
1234567890 is incorrect.
0-89237-010-6 is correct.
0-89237-010-6 TEST is correct.
Hhehehe is incorrect.
 is incorrect.
This just for test. is incorrect.
0-1000-99999 is incorrect.
0-123-4567-89 is correct.
0-123-4567-890 is incorrect.
1-111-111-111 is correct.
I am a boy is incorrect.
0-8104-5687-7 is correct.
0-8104-5687-7432 is incorrect.
000-000-00X-2 is incorrect.
0000000000 is correct.
1111111111 is correct.
0-89237-010-6 is correct.
0-89237 -010 -6 is correct.
0-8306-3637-4 is correct.
0-06-017758-6 is correct.
This_is_garbage is incorrect.
1-56884-030-6 is correct.
0-8230-2571-3 is correct.
0-345-31386-0 is correct.
0-671-88858-7 is correct.
0-8104-5687-7 is correct.
0-671-74119-5 is correct.
0-812-52030-0 is correct.
0-345-24865-1-150 is incorrect.
0-452-26740-4 is correct.
0-13-139072-4 is correct.
0-1315-2447-X is correct.
