   D071
    120
     78
   1765
    7CA
  ERROR
  11001
 12D687
   D071
      0
FFFFFFF
7FFFFFF
  ERROR
  ERROR
    -12
  -1100
  ERROR
    120
     78
   1765
    7CA
  ERROR
  11001
 12D687
   D071
      0
   ABCD
     15
     1A
      0
      0
      0
      0
      0
      0
  ERROR
1000000
     7F
 111111
 111111
1111111
1111111
  ERROR
  ERROR
      1
  ERROR
      0
      0
  ERROR
9999999
 98967F
9999999
    1A2
    418
    120
     78
   1765
    7CA
  ERROR
  11001
 12D687
   D071
FFFFFFF
EEEEEEE
1111111
      0
